🚀 Starting AWS Training Certificate Web Application (Working Version)
📍 URL: http://localhost:5000
✨ Features: Student authentication with actual data
📊 Available students:
   • Rahul Sharma - AWS-2024-001 - SIX001
   • Priya Patel - AWS-2024-001 - SIX002
   • Amit Kumar - AWS-2024-001 - SIX003
   • Neha Gupta - AWS-2024-002 - SIX004
   • Vikram Singh - AWS-2024-002 - SIX005
 * Serving Flask app 'app_working'
 * Debug mode: on
[31m[1mWARNING: This is a development server. Do not use it in a production deployment. Use a production WSGI server instead.[0m
 * Running on all addresses (0.0.0.0)
 * Running on http://127.0.0.1:5000
 * Running on http://10.0.3.74:5000
[33mPress CTRL+C to quit[0m
 * Restarting with stat
 * Debugger is active!
 * Debugger PIN: 140-512-480
127.0.0.1 - - [17/Nov/2025 15:33:50] "[35m[1mGET / HTTP/1.1[0m" 500 -
Traceback (most recent call last):
  File "/home/vscode/.local/lib/python3.11/site-packages/flask/app.py", line 1536, in __call__
    return self.wsgi_app(environ, start_response)
           ^^^^^^^^^^^^^^^^^^^^^^^^^^^^^^^^^^^^^^
  File "/home/vscode/.local/lib/python3.11/site-packages/flask/app.py", line 1514, in wsgi_app
    response = self.handle_exception(e)
               ^^^^^^^^^^^^^^^^^^^^^^^^
  File "/home/vscode/.local/lib/python3.11/site-packages/flask/app.py", line 1511, in wsgi_app
    response = self.full_dispatch_request()
               ^^^^^^^^^^^^^^^^^^^^^^^^^^^^
  File "/home/vscode/.local/lib/python3.11/site-packages/flask/app.py", line 919, in full_dispatch_request
    rv = self.handle_user_exception(e)
         ^^^^^^^^^^^^^^^^^^^^^^^^^^^^^
  File "/home/vscode/.local/lib/python3.11/site-packages/flask/app.py", line 917, in full_dispatch_request
    rv = self.dispatch_request()
         ^^^^^^^^^^^^^^^^^^^^^^^
  File "/home/vscode/.local/lib/python3.11/site-packages/flask/app.py", line 902, in dispatch_request
    return self.ensure_sync(self.view_functions[rule.endpoint])(**view_args)  # type: ignore[no-any-return]
           ^^^^^^^^^^^^^^^^^^^^^^^^^^^^^^^^^^^^^^^^^^^^^^^^^^^^^^^^^^^^^^^^^^^^^^^^^^^^^^^^^^^^^^^^^^^^^^^^
  File "/workspaces/aws-training-certificate-system/app_working.py", line 65, in index
    return render_template('index.html')
           ^^^^^^^^^^^^^^^^^^^^^^^^^^^^^
  File "/home/vscode/.local/lib/python3.11/site-packages/flask/templating.py", line 149, in render_template
    template = app.jinja_env.get_or_select_template(template_name_or_list)
               ^^^^^^^^^^^^^^^^^^^^^^^^^^^^^^^^^^^^^^^^^^^^^^^^^^^^^^^^^^^
  File "/home/vscode/.local/lib/python3.11/site-packages/jinja2/environment.py", line 1087, in get_or_select_template
    return self.get_template(template_name_or_list, parent, globals)
           ^^^^^^^^^^^^^^^^^^^^^^^^^^^^^^^^^^^^^^^^^^^^^^^^^^^^^^^^^
  File "/home/vscode/.local/lib/python3.11/site-packages/jinja2/environment.py", line 1016, in get_template
    return self._load_template(name, globals)
           ^^^^^^^^^^^^^^^^^^^^^^^^^^^^^^^^^^
  File "/home/vscode/.local/lib/python3.11/site-packages/jinja2/environment.py", line 975, in _load_template
    template = self.loader.load(self, name, self.make_globals(globals))
               ^^^^^^^^^^^^^^^^^^^^^^^^^^^^^^^^^^^^^^^^^^^^^^^^^^^^^^^^
  File "/home/vscode/.local/lib/python3.11/site-packages/jinja2/loaders.py", line 126, in load
    source, filename, uptodate = self.get_source(environment, name)
                                 ^^^^^^^^^^^^^^^^^^^^^^^^^^^^^^^^^^
  File "/home/vscode/.local/lib/python3.11/site-packages/flask/templating.py", line 65, in get_source
    return self._get_source_fast(environment, template)
           ^^^^^^^^^^^^^^^^^^^^^^^^^^^^^^^^^^^^^^^^^^^^
  File "/home/vscode/.local/lib/python3.11/site-packages/flask/templating.py", line 99, in _get_source_fast
    raise TemplateNotFound(template)
jinja2.exceptions.TemplateNotFound: index.html
127.0.0.1 - - [17/Nov/2025 15:33:50] "GET /?__debugger__=yes&cmd=resource&f=style.css HTTP/1.1" 200 -
127.0.0.1 - - [17/Nov/2025 15:33:50] "GET /?__debugger__=yes&cmd=resource&f=debugger.js HTTP/1.1" 200 -
127.0.0.1 - - [17/Nov/2025 15:33:50] "GET /?__debugger__=yes&cmd=resource&f=console.png&s=rJMVtEm08YSuWpsbZfmg HTTP/1.1" 200 -
127.0.0.1 - - [17/Nov/2025 15:33:50] "GET /?__debugger__=yes&cmd=resource&f=console.png HTTP/1.1" 200 -
127.0.0.1 - - [17/Nov/2025 15:35:22] "POST /api/authenticate HTTP/1.1" 200 -
127.0.0.1 - - [17/Nov/2025 15:37:03] "[31m[1mPOST /api/download-certificate HTTP/1.1[0m" 401 -
127.0.0.1 - - [17/Nov/2025 15:44:28] "POST /api/authenticate HTTP/1.1" 200 -
127.0.0.1 - - [17/Nov/2025 15:44:28] "POST /api/download-certificate HTTP/1.1" 200 -
127.0.0.1 - - [17/Nov/2025 15:44:28] "GET /api/serve-certificate/certificate_SIX001_Rahul_Sharma.txt HTTP/1.1" 200 -
 * Detected change in '/workspaces/aws-training-certificate-system/test_with_cookies.py', reloading
🚀 Starting AWS Training Certificate Web Application (Working Version)
📍 URL: http://localhost:5000
✨ Features: Student authentication with actual data
📊 Available students:
   • Rahul Sharma - AWS-2024-001 - SIX001
   • Priya Patel - AWS-2024-001 - SIX002
   • Amit Kumar - AWS-2024-001 - SIX003
   • Neha Gupta - AWS-2024-002 - SIX004
   • Vikram Singh - AWS-2024-002 - SIX005
 * Restarting with stat
 * Debugger is active!
 * Debugger PIN: 140-512-480
